android/app/build/intermediates/manifest_merge_blame_file/debug/processDebugMainManifest/manifest-merger-blame-debug-report.txt
1<?xml version="1.0" encoding="utf-8"?>
2<manifest xmlns:android="http://schemas.android.com/apk/res/android"
3    package="com.laguiadelstreaming.app"
4    android:versionCode="1"
5    android:versionName="1.0" >
6
7    <uses-sdk
8        android:minSdkVersion="24"
9        android:targetSdkVersion="36" />
10
11    <!-- Permissions -->
12
13    <uses-permission android:name="android.permission.INTERNET" />
13-->src/main/AndroidManifest.xml:34:5-67
13-->src/main/AndroidManifest.xml:34:22-64
14    <uses-permission android:name="android.permission.ACCESS_NETWORK_STATE" />
14-->[com.google.firebase:firebase-messaging:25.0.1] AndroidManifest.xml:22:5-79
14-->[com.google.firebase:firebase-messaging:25.0.1] AndroidManifest.xml:22:22-76
15    <uses-permission android:name="android.permission.POST_NOTIFICATIONS" />
15-->[com.google.firebase:firebase-messaging:25.0.1] AndroidManifest.xml:23:5-77
15-->[com.google.firebase:firebase-messaging:25.0.1] AndroidManifest.xml:23:22-74
16    <uses-permission android:name="android.permission.WAKE_LOCK" /> <!-- Required by older versions of Google Play services to create IID tokens -->
16-->[com.google.firebase:firebase-messaging:25.0.1] AndroidManifest.xml:24:5-68
16-->[com.google.firebase:firebase-messaging:25.0.1] AndroidManifest.xml:24:22-65
17    <uses-permission android:name="com.google.android.c2dm.permission.RECEIVE" />
17-->[com.google.firebase:firebase-messaging:25.0.1] AndroidManifest.xml:26:5-82
17-->[com.google.firebase:firebase-messaging:25.0.1] AndroidManifest.xml:26:22-79
18
19    <permission
19-->[androidx.core:core:1.17.0] AndroidManifest.xml:22:5-24:47
20        android:name="com.laguiadelstreaming.app.DYNAMIC_RECEIVER_NOT_EXPORTED_PERMISSION"
20-->[androidx.core:core:1.17.0] AndroidManifest.xml:23:9-81
21        android:protectionLevel="signature" />
21-->[androidx.core:core:1.17.0] AndroidManifest.xml:24:9-44
22
23    <uses-permission android:name="com.laguiadelstreaming.app.DYNAMIC_RECEIVER_NOT_EXPORTED_PERMISSION" />
23-->[androidx.core:core:1.17.0] AndroidManifest.xml:26:5-97
23-->[androidx.core:core:1.17.0] AndroidManifest.xml:26:22-94
24
25    <application
25-->src/main/AndroidManifest.xml:3:5-30:19
26        android:allowBackup="true"
26-->src/main/AndroidManifest.xml:4:9-35
27        android:appComponentFactory="androidx.core.app.CoreComponentFactory"
27-->[androidx.core:core:1.17.0] AndroidManifest.xml:28:18-86
28        android:debuggable="true"
29        android:extractNativeLibs="false"
30        android:icon="@mipmap/ic_launcher"
30-->src/main/AndroidManifest.xml:5:9-43
31        android:label="@string/app_name"
31-->src/main/AndroidManifest.xml:6:9-41
32        android:roundIcon="@mipmap/ic_launcher_round"
32-->src/main/AndroidManifest.xml:7:9-54
33        android:supportsRtl="true"
33-->src/main/AndroidManifest.xml:8:9-35
34        android:testOnly="true"
35        android:theme="@style/AppTheme"
35-->src/main/AndroidManifest.xml:9:9-40
36        android:usesCleartextTraffic="true" >
36-->[:capacitor-cordova-android-plugins] AndroidManifest.xml:8:18-53
37        <activity
37-->src/main/AndroidManifest.xml:10:9-21:20
38            android:name="com.laguiadelstreaming.app.MainActivity"
38-->src/main/AndroidManifest.xml:12:13-41
39            android:configChanges="orientation|keyboardHidden|keyboard|screenSize|locale|smallestScreenSize|screenLayout|uiMode|navigation|density"
39-->src/main/AndroidManifest.xml:11:13-148
40            android:exported="true"
40-->src/main/AndroidManifest.xml:16:13-36
41            android:label="@string/title_activity_main"
41-->src/main/AndroidManifest.xml:13:13-56
42            android:launchMode="singleTask"
42-->src/main/AndroidManifest.xml:15:13-44
43            android:theme="@style/AppTheme.NoActionBarLaunch" >
43-->src/main/AndroidManifest.xml:14:13-62
44            <intent-filter>
44-->src/main/AndroidManifest.xml:17:13-20:29
45                <action android:name="android.intent.action.MAIN" />
45-->src/main/AndroidManifest.xml:18:17-69
45-->src/main/AndroidManifest.xml:18:25-66
46
47                <category android:name="android.intent.category.LAUNCHER" />
47-->src/main/AndroidManifest.xml:19:17-77
47-->src/main/AndroidManifest.xml:19:27-74
48            </intent-filter>
49        </activity>
50
51        <provider
52            android:name="androidx.core.content.FileProvider"
52-->src/main/AndroidManifest.xml:24:13-62
53            android:authorities="com.laguiadelstreaming.app.fileprovider"
53-->src/main/AndroidManifest.xml:25:13-64
54            android:exported="false"
54-->src/main/AndroidManifest.xml:26:13-37
55            android:grantUriPermissions="true" >
55-->src/main/AndroidManifest.xml:27:13-47
56            <meta-data
56-->src/main/AndroidManifest.xml:28:13-112
57                android:name="android.support.FILE_PROVIDER_PATHS"
57-->src/main/AndroidManifest.xml:28:24-74
58                android:resource="@xml/file_paths" />
58-->src/main/AndroidManifest.xml:28:75-109
59        </provider>
60
61        <service
61-->[:capacitor-push-notifications] AndroidManifest.xml:8:9-14:19
62            android:name="com.capacitorjs.plugins.pushnotifications.MessagingService"
62-->[:capacitor-push-notifications] AndroidManifest.xml:9:13-86
63            android:exported="false" >
63-->[:capacitor-push-notifications] AndroidManifest.xml:10:13-37
64            <intent-filter>
64-->[:capacitor-push-notifications] AndroidManifest.xml:11:13-13:29
65                <action android:name="com.google.firebase.MESSAGING_EVENT" />
65-->[:capacitor-push-notifications] AndroidManifest.xml:12:17-78
65-->[:capacitor-push-notifications] AndroidManifest.xml:12:25-75
66            </intent-filter>
67        </service>
68
69        <receiver
69-->[com.google.firebase:firebase-messaging:25.0.1] AndroidManifest.xml:29:9-40:20
70            android:name="com.google.firebase.iid.FirebaseInstanceIdReceiver"
70-->[com.google.firebase:firebase-messaging:25.0.1] AndroidManifest.xml:30:13-78
71            android:exported="true"
71-->[com.google.firebase:firebase-messaging:25.0.1] AndroidManifest.xml:31:13-36
72            android:permission="com.google.android.c2dm.permission.SEND" >
72-->[com.google.firebase:firebase-messaging:25.0.1] AndroidManifest.xml:32:13-73
73            <intent-filter>
73-->[com.google.firebase:firebase-messaging:25.0.1] AndroidManifest.xml:33:13-35:29
74                <action android:name="com.google.android.c2dm.intent.RECEIVE" />
74-->[com.google.firebase:firebase-messaging:25.0.1] AndroidManifest.xml:34:17-81
74-->[com.google.firebase:firebase-messaging:25.0.1] AndroidManifest.xml:34:25-78
75            </intent-filter>
76
77            <meta-data
77-->[com.google.firebase:firebase-messaging:25.0.1] AndroidManifest.xml:37:13-39:40
78                android:name="com.google.android.gms.cloudmessaging.FINISHED_AFTER_HANDLED"
78-->[com.google.firebase:firebase-messaging:25.0.1] AndroidManifest.xml:38:17-92
79                android:value="true" />
79-->[com.google.firebase:firebase-messaging:25.0.1] AndroidManifest.xml:39:17-37
80        </receiver>
81        <!--
82             FirebaseMessagingService performs security checks at runtime,
83             but set to not exported to explicitly avoid allowing another app to call it.
84        -->
85        <service
85-->[com.google.firebase:firebase-messaging:25.0.1] AndroidManifest.xml:46:9-53:19
86            android:name="com.google.firebase.messaging.FirebaseMessagingService"
86-->[com.google.firebase:firebase-messaging:25.0.1] AndroidManifest.xml:47:13-82
87            android:directBootAware="true"
87-->[com.google.firebase:firebase-messaging:25.0.1] AndroidManifest.xml:48:13-43
88            android:exported="false" >
88-->[com.google.firebase:firebase-messaging:25.0.1] AndroidManifest.xml:49:13-37
89            <intent-filter android:priority="-500" >
89-->[:capacitor-push-notifications] AndroidManifest.xml:11:13-13:29
90                <action android:name="com.google.firebase.MESSAGING_EVENT" />
90-->[:capacitor-push-notifications] AndroidManifest.xml:12:17-78
90-->[:capacitor-push-notifications] AndroidManifest.xml:12:25-75
91            </intent-filter>
92        </service>
93        <service
93-->[com.google.firebase:firebase-messaging:25.0.1] AndroidManifest.xml:54:9-63:19
94            android:name="com.google.firebase.components.ComponentDiscoveryService"
94-->[com.google.firebase:firebase-messaging:25.0.1] AndroidManifest.xml:55:13-84
95            android:directBootAware="true"
95-->[com.google.firebase:firebase-common:22.0.1] AndroidManifest.xml:32:13-43
96            android:exported="false" >
96-->[com.google.firebase:firebase-messaging:25.0.1] AndroidManifest.xml:56:13-37
97            <meta-data
97-->[com.google.firebase:firebase-messaging:25.0.1] AndroidManifest.xml:57:13-59:85
98                android:name="com.google.firebase.components:com.google.firebase.messaging.FirebaseMessagingKtxRegistrar"
98-->[com.google.firebase:firebase-messaging:25.0.1] AndroidManifest.xml:58:17-122
99                android:value="com.google.firebase.components.ComponentRegistrar" />
99-->[com.google.firebase:firebase-messaging:25.0.1] AndroidManifest.xml:59:17-82
100            <meta-data
100-->[com.google.firebase:firebase-messaging:25.0.1] AndroidManifest.xml:60:13-62:85
101                android:name="com.google.firebase.components:com.google.firebase.messaging.FirebaseMessagingRegistrar"
101-->[com.google.firebase:firebase-messaging:25.0.1] AndroidManifest.xml:61:17-119
102                android:value="com.google.firebase.components.ComponentRegistrar" />
102-->[com.google.firebase:firebase-messaging:25.0.1] AndroidManifest.xml:62:17-82
103            <meta-data
103-->[com.google.firebase:firebase-installations:18.0.0] AndroidManifest.xml:15:13-17:85
104                android:name="com.google.firebase.components:com.google.firebase.installations.FirebaseInstallationsKtxRegistrar"
104-->[com.google.firebase:firebase-installations:18.0.0] AndroidManifest.xml:16:17-130
105                android:value="com.google.firebase.components.ComponentRegistrar" />
105-->[com.google.firebase:firebase-installations:18.0.0] AndroidManifest.xml:17:17-82
106            <meta-data
106-->[com.google.firebase:firebase-installations:18.0.0] AndroidManifest.xml:18:13-20:85
107                android:name="com.google.firebase.components:com.google.firebase.installations.FirebaseInstallationsRegistrar"
107-->[com.google.firebase:firebase-installations:18.0.0] AndroidManifest.xml:19:17-127
108                android:value="com.google.firebase.components.ComponentRegistrar" />
108-->[com.google.firebase:firebase-installations:18.0.0] AndroidManifest.xml:20:17-82
109            <meta-data
109-->[com.google.firebase:firebase-common:22.0.1] AndroidManifest.xml:35:13-37:85
110                android:name="com.google.firebase.components:com.google.firebase.FirebaseCommonKtxRegistrar"
110-->[com.google.firebase:firebase-common:22.0.1] AndroidManifest.xml:36:17-109
111                android:value="com.google.firebase.components.ComponentRegistrar" />
111-->[com.google.firebase:firebase-common:22.0.1] AndroidManifest.xml:37:17-82
112            <meta-data
112-->[com.google.firebase:firebase-datatransport:18.2.0] AndroidManifest.xml:25:13-27:85
113                android:name="com.google.firebase.components:com.google.firebase.datatransport.TransportRegistrar"
113-->[com.google.firebase:firebase-datatransport:18.2.0] AndroidManifest.xml:26:17-115
114                android:value="com.google.firebase.components.ComponentRegistrar" />
114-->[com.google.firebase:firebase-datatransport:18.2.0] AndroidManifest.xml:27:17-82
115        </service>
116
117        <activity
117-->[com.google.android.gms:play-services-base:18.1.0] AndroidManifest.xml:20:9-22:45
118            android:name="com.google.android.gms.common.api.GoogleApiActivity"
118-->[com.google.android.gms:play-services-base:18.1.0] AndroidManifest.xml:20:19-85
119            android:exported="false"
119-->[com.google.android.gms:play-services-base:18.1.0] AndroidManifest.xml:22:19-43
120            android:theme="@android:style/Theme.Translucent.NoTitleBar" />
120-->[com.google.android.gms:play-services-base:18.1.0] AndroidManifest.xml:21:19-78
121
122        <provider
122-->[com.google.firebase:firebase-common:22.0.1] AndroidManifest.xml:23:9-28:39
123            android:name="com.google.firebase.provider.FirebaseInitProvider"
123-->[com.google.firebase:firebase-common:22.0.1] AndroidManifest.xml:24:13-77
124            android:authorities="com.laguiadelstreaming.app.firebaseinitprovider"
124-->[com.google.firebase:firebase-common:22.0.1] AndroidManifest.xml:25:13-72
125            android:directBootAware="true"
125-->[com.google.firebase:firebase-common:22.0.1] AndroidManifest.xml:26:13-43
126            android:exported="false"
126-->[com.google.firebase:firebase-common:22.0.1] AndroidManifest.xml:27:13-37
127            android:initOrder="100" />
127-->[com.google.firebase:firebase-common:22.0.1] AndroidManifest.xml:28:13-36
128        <provider
128-->[androidx.emoji2:emoji2:1.3.0] AndroidManifest.xml:24:9-32:20
129            android:name="androidx.startup.InitializationProvider"
129-->[androidx.emoji2:emoji2:1.3.0] AndroidManifest.xml:25:13-67
130            android:authorities="com.laguiadelstreaming.app.androidx-startup"
130-->[androidx.emoji2:emoji2:1.3.0] AndroidManifest.xml:26:13-68
131            android:exported="false" >
131-->[androidx.emoji2:emoji2:1.3.0] AndroidManifest.xml:27:13-37
132            <meta-data
132-->[androidx.emoji2:emoji2:1.3.0] AndroidManifest.xml:29:13-31:52
133                android:name="androidx.emoji2.text.EmojiCompatInitializer"
133-->[androidx.emoji2:emoji2:1.3.0] AndroidManifest.xml:30:17-75
134                android:value="androidx.startup" />
134-->[androidx.emoji2:emoji2:1.3.0] AndroidManifest.xml:31:17-49
135            <meta-data
135-->[androidx.lifecycle:lifecycle-process:2.6.2] AndroidManifest.xml:29:13-31:52
136                android:name="androidx.lifecycle.ProcessLifecycleInitializer"
136-->[androidx.lifecycle:lifecycle-process:2.6.2] AndroidManifest.xml:30:17-78
137                android:value="androidx.startup" />
137-->[androidx.lifecycle:lifecycle-process:2.6.2] AndroidManifest.xml:31:17-49
138            <meta-data
138-->[androidx.profileinstaller:profileinstaller:1.4.0] AndroidManifest.xml:29:13-31:52
139                android:name="androidx.profileinstaller.ProfileInstallerInitializer"
139-->[androidx.profileinstaller:profileinstaller:1.4.0] AndroidManifest.xml:30:17-85
140                android:value="androidx.startup" />
140-->[androidx.profileinstaller:profileinstaller:1.4.0] AndroidManifest.xml:31:17-49
141        </provider>
142
143        <meta-data
143-->[com.google.android.gms:play-services-basement:18.3.0] AndroidManifest.xml:21:9-23:69
144            android:name="com.google.android.gms.version"
144-->[com.google.android.gms:play-services-basement:18.3.0] AndroidManifest.xml:22:13-58
145            android:value="@integer/google_play_services_version" />
145-->[com.google.android.gms:play-services-basement:18.3.0] AndroidManifest.xml:23:13-66
146
147        <receiver
147-->[androidx.profileinstaller:profileinstaller:1.4.0] AndroidManifest.xml:34:9-52:20
148            android:name="androidx.profileinstaller.ProfileInstallReceiver"
148-->[androidx.profileinstaller:profileinstaller:1.4.0] AndroidManifest.xml:35:13-76
149            android:directBootAware="false"
149-->[androidx.profileinstaller:profileinstaller:1.4.0] AndroidManifest.xml:36:13-44
150            android:enabled="true"
150-->[androidx.profileinstaller:profileinstaller:1.4.0] AndroidManifest.xml:37:13-35
151            android:exported="true"
151-->[androidx.profileinstaller:profileinstaller:1.4.0] AndroidManifest.xml:38:13-36
152            android:permission="android.permission.DUMP" >
152-->[androidx.profileinstaller:profileinstaller:1.4.0] AndroidManifest.xml:39:13-57
153            <intent-filter>
153-->[androidx.profileinstaller:profileinstaller:1.4.0] AndroidManifest.xml:40:13-42:29
154                <action android:name="androidx.profileinstaller.action.INSTALL_PROFILE" />
154-->[androidx.profileinstaller:profileinstaller:1.4.0] AndroidManifest.xml:41:17-91
154-->[androidx.profileinstaller:profileinstaller:1.4.0] AndroidManifest.xml:41:25-88
155            </intent-filter>
156            <intent-filter>
156-->[androidx.profileinstaller:profileinstaller:1.4.0] AndroidManifest.xml:43:13-45:29
157                <action android:name="androidx.profileinstaller.action.SKIP_FILE" />
157-->[androidx.profileinstaller:profileinstaller:1.4.0] AndroidManifest.xml:44:17-85
157-->[androidx.profileinstaller:profileinstaller:1.4.0] AndroidManifest.xml:44:25-82
158            </intent-filter>
159            <intent-filter>
159-->[androidx.profileinstaller:profileinstaller:1.4.0] AndroidManifest.xml:46:13-48:29
160                <action android:name="androidx.profileinstaller.action.SAVE_PROFILE" />
160-->[androidx.profileinstaller:profileinstaller:1.4.0] AndroidManifest.xml:47:17-88
160-->[androidx.profileinstaller:profileinstaller:1.4.0] AndroidManifest.xml:47:25-85
161            </intent-filter>
162            <intent-filter>
162-->[androidx.profileinstaller:profileinstaller:1.4.0] AndroidManifest.xml:49:13-51:29
163                <action android:name="androidx.profileinstaller.action.BENCHMARK_OPERATION" />
163-->[androidx.profileinstaller:profileinstaller:1.4.0] AndroidManifest.xml:50:17-95
163-->[androidx.profileinstaller:profileinstaller:1.4.0] AndroidManifest.xml:50:25-92
164            </intent-filter>
165        </receiver>
166
167        <service
167-->[com.google.android.datatransport:transport-backend-cct:3.1.9] AndroidManifest.xml:28:9-34:19
168            android:name="com.google.android.datatransport.runtime.backends.TransportBackendDiscovery"
168-->[com.google.android.datatransport:transport-backend-cct:3.1.9] AndroidManifest.xml:29:13-103
169            android:exported="false" >
169-->[com.google.android.datatransport:transport-backend-cct:3.1.9] AndroidManifest.xml:30:13-37
170            <meta-data
170-->[com.google.android.datatransport:transport-backend-cct:3.1.9] AndroidManifest.xml:31:13-33:39
171                android:name="backend:com.google.android.datatransport.cct.CctBackendFactory"
171-->[com.google.android.datatransport:transport-backend-cct:3.1.9] AndroidManifest.xml:32:17-94
172                android:value="cct" />
172-->[com.google.android.datatransport:transport-backend-cct:3.1.9] AndroidManifest.xml:33:17-36
173        </service>
174        <service
174-->[com.google.android.datatransport:transport-runtime:3.1.9] AndroidManifest.xml:26:9-30:19
175            android:name="com.google.android.datatransport.runtime.scheduling.jobscheduling.JobInfoSchedulerService"
175-->[com.google.android.datatransport:transport-runtime:3.1.9] AndroidManifest.xml:27:13-117
176            android:exported="false"
176-->[com.google.android.datatransport:transport-runtime:3.1.9] AndroidManifest.xml:28:13-37
177            android:permission="android.permission.BIND_JOB_SERVICE" >
177-->[com.google.android.datatransport:transport-runtime:3.1.9] AndroidManifest.xml:29:13-69
178        </service>
179
180        <receiver
180-->[com.google.android.datatransport:transport-runtime:3.1.9] AndroidManifest.xml:32:9-34:40
181            android:name="com.google.android.datatransport.runtime.scheduling.jobscheduling.AlarmManagerSchedulerBroadcastReceiver"
181-->[com.google.android.datatransport:transport-runtime:3.1.9] AndroidManifest.xml:33:13-132
182            android:exported="false" />
182-->[com.google.android.datatransport:transport-runtime:3.1.9] AndroidManifest.xml:34:13-37
183    </application>
184
185</manifest>